-------------------------------------------------------------------------------
Test set: com.atguigu.gulimall.gulimallcoupon.GulimallCouponApplicationTests
-------------------------------------------------------------------------------
Tests run: 1, Failures: 0, Errors: 1, Skipped: 0, Time elapsed: 0.124 s <<< FAILURE! - in com.atguigu.gulimall.gulimallcoupon.GulimallCouponApplicationTests
com.atguigu.gulimall.gulimallcoupon.GulimallCouponApplicationTests  Time elapsed: 0.124 s  <<< ERROR!
java.lang.IllegalStateException: Unable to find a @SpringBootConfiguration, you need to use @ContextConfiguration or @SpringBootTest(classes=...) with your test

