<?xml version="1.0" encoding="UTF-8"?>
<testsuite xmlns:xsi="http://www.w3.org/2001/XMLSchema-instance" xsi:noNamespaceSchemaLocation="https://maven.apache.org/surefire/maven-surefire-plugin/xsd/surefire-test-report.xsd" name="com.atguigu.gulimall.gulimallcoupon.GulimallCouponApplicationTests" time="0.124" tests="1" errors="1" skipped="0" failures="0">
  <properties>
[...]
</properties>
  <testcase name="com.atguigu.gulimall.gulimallcoupon.GulimallCouponApplicationTests" classname="com.atguigu.gulimall.gulimallcoupon.GulimallCouponApplicationTests" time="0.124">
    <error message="Unable to find a @SpringBootConfiguration, you need to use @ContextConfiguration or @SpringBootTest(classes=...) with your test" type="java.lang.IllegalStateException">java.lang.IllegalStateException: Unable to find a @SpringBootConfiguration, you need to use @ContextConfiguration or @SpringBootTest(classes=...) with your test
</error>
    <system-out><![CDATA[22:25:49.124 [main] DEBUG org.springframework.test.context.BootstrapUtils - Instantiating CacheAwareContextLoaderDelegate from class [org.springframework.test.context.cache.DefaultCacheAwareContextLoaderDelegate]
22:25:49.131 [main] DEBUG org.springframework.test.context.BootstrapUtils - Instantiating BootstrapContext using constructor [public org.springframework.test.context.support.DefaultBootstrapContext(java.lang.Class,org.springframework.test.context.CacheAwareContextLoaderDelegate)]
22:25:49.144 [main] DEBUG org.springframework.test.context.BootstrapUtils - Instantiating TestContextBootstrapper for test class [com.atguigu.gulimall.gulimallcoupon.GulimallCouponApplicationTests] from class [org.springframework.boot.test.context.SpringBootTestContextBootstrapper]
22:25:49.149 [main] INFO org.springframework.boot.test.context.SpringBootTestContextBootstrapper - Neither @ContextConfiguration nor @ContextHierarchy found for test class [com.atguigu.gulimall.gulimallcoupon.GulimallCouponApplicationTests], using SpringBootContextLoader
22:25:49.152 [main] DEBUG org.springframework.test.context.support.AbstractContextLoader - Did not detect default resource location for test class [com.atguigu.gulimall.gulimallcoupon.GulimallCouponApplicationTests]: class path resource [com/atguigu/gulimall/gulimallcoupon/GulimallCouponApplicationTests-context.xml] does not exist
22:25:49.152 [main] DEBUG org.springframework.test.context.support.AbstractContextLoader - Did not detect default resource location for test class [com.atguigu.gulimall.gulimallcoupon.GulimallCouponApplicationTests]: class path resource [com/atguigu/gulimall/gulimallcoupon/GulimallCouponApplicationTestsContext.groovy] does not exist
22:25:49.152 [main] INFO org.springframework.test.context.support.AbstractContextLoader - Could not detect default resource locations for test class [com.atguigu.gulimall.gulimallcoupon.GulimallCouponApplicationTests]: no resource found for suffixes {-context.xml, Context.groovy}.
22:25:49.152 [main] INFO org.springframework.test.context.support.AnnotationConfigContextLoaderUtils - Could not detect default configuration classes for test class [com.atguigu.gulimall.gulimallcoupon.GulimallCouponApplicationTests]: GulimallCouponApplicationTests does not declare any static, non-private, non-final, nested classes annotated with @Configuration.
22:25:49.169 [main] DEBUG org.springframework.test.context.support.ActiveProfilesUtils - Could not find an 'annotation declaring class' for annotation type [org.springframework.test.context.ActiveProfiles] and class [com.atguigu.gulimall.gulimallcoupon.GulimallCouponApplicationTests]
22:25:49.194 [main] DEBUG org.springframework.test.context.BootstrapUtils - Instantiating CacheAwareContextLoaderDelegate from class [org.springframework.test.context.cache.DefaultCacheAwareContextLoaderDelegate]
22:25:49.194 [main] DEBUG org.springframework.test.context.BootstrapUtils - Instantiating BootstrapContext using constructor [public org.springframework.test.context.support.DefaultBootstrapContext(java.lang.Class,org.springframework.test.context.CacheAwareContextLoaderDelegate)]
22:25:49.194 [main] DEBUG org.springframework.test.context.BootstrapUtils - Instantiating TestContextBootstrapper for test class [com.atguigu.gulimall.gulimallcoupon.GulimallCouponApplicationTests] from class [org.springframework.boot.test.context.SpringBootTestContextBootstrapper]
22:25:49.194 [main] INFO org.springframework.boot.test.context.SpringBootTestContextBootstrapper - Neither @ContextConfiguration nor @ContextHierarchy found for test class [com.atguigu.gulimall.gulimallcoupon.GulimallCouponApplicationTests], using SpringBootContextLoader
22:25:49.195 [main] DEBUG org.springframework.test.context.support.AbstractContextLoader - Did not detect default resource location for test class [com.atguigu.gulimall.gulimallcoupon.GulimallCouponApplicationTests]: class path resource [com/atguigu/gulimall/gulimallcoupon/GulimallCouponApplicationTests-context.xml] does not exist
22:25:49.195 [main] DEBUG org.springframework.test.context.support.AbstractContextLoader - Did not detect default resource location for test class [com.atguigu.gulimall.gulimallcoupon.GulimallCouponApplicationTests]: class path resource [com/atguigu/gulimall/gulimallcoupon/GulimallCouponApplicationTestsContext.groovy] does not exist
22:25:49.195 [main] INFO org.springframework.test.context.support.AbstractContextLoader - Could not detect default resource locations for test class [com.atguigu.gulimall.gulimallcoupon.GulimallCouponApplicationTests]: no resource found for suffixes {-context.xml, Context.groovy}.
22:25:49.195 [main] INFO org.springframework.test.context.support.AnnotationConfigContextLoaderUtils - Could not detect default configuration classes for test class [com.atguigu.gulimall.gulimallcoupon.GulimallCouponApplicationTests]: GulimallCouponApplicationTests does not declare any static, non-private, non-final, nested classes annotated with @Configuration.
22:25:49.195 [main] DEBUG org.springframework.test.context.support.ActiveProfilesUtils - Could not find an 'annotation declaring class' for annotation type [org.springframework.test.context.ActiveProfiles] and class [com.atguigu.gulimall.gulimallcoupon.GulimallCouponApplicationTests]
22:25:49.203 [main] DEBUG org.springframework.test.context.BootstrapUtils - Instantiating CacheAwareContextLoaderDelegate from class [org.springframework.test.context.cache.DefaultCacheAwareContextLoaderDelegate]
22:25:49.204 [main] DEBUG org.springframework.test.context.BootstrapUtils - Instantiating BootstrapContext using constructor [public org.springframework.test.context.support.DefaultBootstrapContext(java.lang.Class,org.springframework.test.context.CacheAwareContextLoaderDelegate)]
22:25:49.204 [main] DEBUG org.springframework.test.context.BootstrapUtils - Instantiating TestContextBootstrapper for test class [com.atguigu.gulimall.gulimallcoupon.GulimallCouponApplicationTests] from class [org.springframework.boot.test.context.SpringBootTestContextBootstrapper]
22:25:49.204 [main] INFO org.springframework.boot.test.context.SpringBootTestContextBootstrapper - Neither @ContextConfiguration nor @ContextHierarchy found for test class [com.atguigu.gulimall.gulimallcoupon.GulimallCouponApplicationTests], using SpringBootContextLoader
22:25:49.204 [main] DEBUG org.springframework.test.context.support.AbstractContextLoader - Did not detect default resource location for test class [com.atguigu.gulimall.gulimallcoupon.GulimallCouponApplicationTests]: class path resource [com/atguigu/gulimall/gulimallcoupon/GulimallCouponApplicationTests-context.xml] does not exist
22:25:49.204 [main] DEBUG org.springframework.test.context.support.AbstractContextLoader - Did not detect default resource location for test class [com.atguigu.gulimall.gulimallcoupon.GulimallCouponApplicationTests]: class path resource [com/atguigu/gulimall/gulimallcoupon/GulimallCouponApplicationTestsContext.groovy] does not exist
22:25:49.204 [main] INFO org.springframework.test.context.support.AbstractContextLoader - Could not detect default resource locations for test class [com.atguigu.gulimall.gulimallcoupon.GulimallCouponApplicationTests]: no resource found for suffixes {-context.xml, Context.groovy}.
22:25:49.204 [main] INFO org.springframework.test.context.support.AnnotationConfigContextLoaderUtils - Could not detect default configuration classes for test class [com.atguigu.gulimall.gulimallcoupon.GulimallCouponApplicationTests]: GulimallCouponApplicationTests does not declare any static, non-private, non-final, nested classes annotated with @Configuration.
22:25:49.205 [main] DEBUG org.springframework.test.context.support.ActiveProfilesUtils - Could not find an 'annotation declaring class' for annotation type [org.springframework.test.context.ActiveProfiles] and class [com.atguigu.gulimall.gulimallcoupon.GulimallCouponApplicationTests]
]]></system-out>
  </testcase>
</testsuite>