-------------------------------------------------------------------------------
Test set: com.atguigu.gulimall.product.GulimallProductApplicationTests
-------------------------------------------------------------------------------
Tests run: 1, Failures: 0, Errors: 1, Skipped: 0, Time elapsed: 0.002 s <<< FAILURE! - in com.atguigu.gulimall.product.GulimallProductApplicationTests
initializationError  Time elapsed: 0.002 s  <<< ERROR!
java.lang.Exception: No runnable methods

