-------------------------------------------------------------------------------
Test set: com.atguigu.gulimall.product.GulimallProductApplicationTests
-------------------------------------------------------------------------------
Tests run: 1, Failures: 0, Errors: 1, Skipped: 0, Time elapsed: 7.751 s <<< FAILURE! - in com.atguigu.gulimall.product.GulimallProductApplicationTests
contextLoads  Time elapsed: 1.191 s  <<< ERROR!
org.mybatis.spring.MyBatisSystemException: 
nested exception is org.apache.ibatis.exceptions.PersistenceException: 
### Error querying database.  Cause: org.springframework.jdbc.CannotGetJdbcConnectionException: Failed to obtain JDBC Connection; nested exception is com.mysql.cj.jdbc.exceptions.CommunicationsException: Communications link failure

The last packet sent successfully to the server was 0 milliseconds ago. The driver has not received any packets from the server.
### The error may exist in com/atguigu/gulimall/product/dao/BrandDao.java (best guess)
### The error may involve com.atguigu.gulimall.product.dao.BrandDao.selectList
### The error occurred while executing a query
### Cause: org.springframework.jdbc.CannotGetJdbcConnectionException: Failed to obtain JDBC Connection; nested exception is com.mysql.cj.jdbc.exceptions.CommunicationsException: Communications link failure

The last packet sent successfully to the server was 0 milliseconds ago. The driver has not received any packets from the server.
	at com.atguigu.gulimall.product.GulimallProductApplicationTests.contextLoads(GulimallProductApplicationTests.java:31)
Caused by: org.apache.ibatis.exceptions.PersistenceException: 

### Error querying database.  Cause: org.springframework.jdbc.CannotGetJdbcConnectionException: Failed to obtain JDBC Connection; nested exception is com.mysql.cj.jdbc.exceptions.CommunicationsException: Communications link failure

The last packet sent successfully to the server was 0 milliseconds ago. The driver has not received any packets from the server.
### The error may exist in com/atguigu/gulimall/product/dao/BrandDao.java (best guess)
### The error may involve com.atguigu.gulimall.product.dao.BrandDao.selectList
### The error occurred while executing a query
### Cause: org.springframework.jdbc.CannotGetJdbcConnectionException: Failed to obtain JDBC Connection; nested exception is com.mysql.cj.jdbc.exceptions.CommunicationsException: Communications link failure

The last packet sent successfully to the server was 0 milliseconds ago. The driver has not received any packets from the server.
	at com.atguigu.gulimall.product.GulimallProductApplicationTests.contextLoads(GulimallProductApplicationTests.java:31)
Caused by: org.springframework.jdbc.CannotGetJdbcConnectionException: 
Failed to obtain JDBC Connection; nested exception is com.mysql.cj.jdbc.exceptions.CommunicationsException: Communications link failure

The last packet sent successfully to the server was 0 milliseconds ago. The driver has not received any packets from the server.
	at com.atguigu.gulimall.product.GulimallProductApplicationTests.contextLoads(GulimallProductApplicationTests.java:31)
Caused by: com.mysql.cj.jdbc.exceptions.CommunicationsException: 
Communications link failure

The last packet sent successfully to the server was 0 milliseconds ago. The driver has not received any packets from the server.
	at com.atguigu.gulimall.product.GulimallProductApplicationTests.contextLoads(GulimallProductApplicationTests.java:31)
Caused by: com.mysql.cj.exceptions.CJCommunicationsException: 
Communications link failure

The last packet sent successfully to the server was 0 milliseconds ago. The driver has not received any packets from the server.
	at com.atguigu.gulimall.product.GulimallProductApplicationTests.contextLoads(GulimallProductApplicationTests.java:31)
Caused by: java.net.ConnectException: Connection refused
	at com.atguigu.gulimall.product.GulimallProductApplicationTests.contextLoads(GulimallProductApplicationTests.java:31)

