<?xml version="1.0" encoding="UTF-8"?>
<testng-results ignored="0" total="1" passed="1" failed="0" skipped="0">
  <reporter-output>
  </reporter-output>
  <suite started-at="2025-04-01T23:00:19 CST" name="Surefire suite" finished-at="2025-04-01T23:00:19 CST" duration-ms="11">
    <groups>
    </groups>
    <test started-at="2025-04-01T23:00:19 CST" name="Surefire test" finished-at="2025-04-01T23:00:19 CST" duration-ms="11">
      <class name="com.atguigu.gulimall.ware.GulimallWareApplicationTests">
        <test-method signature="contextLoads()[pri:0, instance:com.atguigu.gulimall.ware.GulimallWareApplicationTests@69b2283a]" started-at="2025-04-01T23:00:19 CST" name="contextLoads" finished-at="2025-04-01T23:00:19 CST" duration-ms="1" status="PASS">
          <reporter-output>
          </reporter-output>
        </test-method> <!-- contextLoads -->
      </class> <!-- com.atguigu.gulimall.ware.GulimallWareApplicationTests -->
    </test> <!-- Surefire test -->
  </suite> <!-- Surefire suite -->
</testng-results>
